2025-08-16 18:22:33 [error]: Failed to install dependencies
{
  "projectPath": "C:\\Users\\Administrator\\AppData\\Local\\Temp\\slidev-api\\slidev-MV_NZtunuXXO",
  "error": {
    "code": null,
    "killed": true,
    "signal": "SIGTERM",
    "cmd": "npm install --silent",
    "stdout": "",
    "stderr": ""
  }
}
2025-08-16 18:22:33 [error]: Failed to create project
{
  "id": "slidev-MV_NZtunuXXO",
  "error": {}
}
2025-08-16 18:22:33 [error]: Failed to cleanup project after error
{
  "id": "slidev-MV_NZtunuXXO",
  "cleanupError": {
    "errno": -4082,
    "code": "EBUSY",
    "syscall": "rmdir",
    "path": "C:\\Users\\Administrator\\AppData\\Local\\Temp\\slidev-api\\slidev-MV_NZtunuXXO"
  }
}
2025-08-16 18:22:33 [error]: Failed to create presentation
{
  "error": {}
}
2025-08-16 18:22:33 [error]: Request error
Error: Failed to install project dependencies
    at ProjectGenerator.createPackageJson (file:///E:/slidev-sga/packages/api-server/dist/index.js:598:10)
    at process.processTicksAndRejections (node:internal/process/task_queues:105:5)
    at async ProjectGenerator.createProject (file:///E:/slidev-sga/packages/api-server/dist/index.js:530:4)
    at async PresentationManager.createPresentation (file:///E:/slidev-sga/packages/api-server/dist/index.js:708:32)
    at async file:///E:/slidev-sga/packages/api-server/dist/index.js:1096:19
{
  "requestId": "zdflje",
  "method": "POST",
  "url": "/api/presentations",
  "error": "Failed to install project dependencies",
  "userAgent": "node",
  "ip": "127.0.0.1"
}
2025-08-16 18:25:59 [error]: Failed to create template project
{
  "error": {
    "code": 1,
    "killed": false,
    "signal": null,
    "cmd": "npm install --silent --no-audit --no-fund",
    "stdout": "",
    "stderr": ""
  }
}
2025-08-16 18:27:17 [error]: Failed to create presentation
{
  "error": {}
}
2025-08-16 18:27:17 [error]: Request error
Error: Failed to resolve package "@slidev/theme-default"
    at findPkgRoot (file:///E:/slidev-sga/packages/api-server/node_modules/@slidev/cli/dist/resolver-BShaA6qw.js:38:31)
    at async file:///E:/slidev-sga/packages/api-server/node_modules/@slidev/cli/dist/resolver-BShaA6qw.js:102:20
    at async resolveOptions (file:///E:/slidev-sga/packages/api-server/node_modules/@slidev/cli/dist/shared-s9xIcfim.js:696:29)
    at async PresentationManager.createPresentation (file:///E:/slidev-sga/packages/api-server/dist/index.js:754:26)
    at async file:///E:/slidev-sga/packages/api-server/dist/index.js:1133:19
{
  "requestId": "3eazqv",
  "method": "POST",
  "url": "/api/presentations",
  "error": "Failed to resolve package \"@slidev/theme-default\"",
  "userAgent": "node",
  "ip": "127.0.0.1"
}
2025-08-16 18:42:56 [error]: Dependency installation failed (attempt 1/3)
{
  "projectPath": "C:\\Users\\Administrator\\AppData\\Local\\Temp\\slidev-api\\_template",
  "attempt": 1,
  "error": {
    "code": 1,
    "signal": null,
    "killed": false,
    "stdout": "",
    "stderr": "npm error code ETARGET\nnpm error notarget No matching version found for @slidev/theme-default@52.1.0.\nnpm error notarget In most cases you or one of your dependencies are requesting\nnpm error notarget a package version that doesn't exist.\nnpm error A complete log of this run can be found in: C:\\Users\\Administrator\\AppData\\Local\\npm-cache\\_logs\\2025-08-16T10_42_46_639Z-debug-0.log\n"
  }
}
2025-08-16 18:43:07 [error]: Dependency installation failed (attempt 2/3)
{
  "projectPath": "C:\\Users\\Administrator\\AppData\\Local\\Temp\\slidev-api\\_template",
  "attempt": 2,
  "error": {
    "code": 1,
    "signal": null,
    "killed": false,
    "stdout": "",
    "stderr": "npm error code ETARGET\nnpm error notarget No matching version found for @slidev/theme-default@52.1.0.\nnpm error notarget In most cases you or one of your dependencies are requesting\nnpm error notarget a package version that doesn't exist.\nnpm error A complete log of this run can be found in: C:\\Users\\Administrator\\AppData\\Local\\npm-cache\\_logs\\2025-08-16T10_42_58_441Z-debug-0.log\n"
  }
}
2025-08-16 18:43:18 [error]: Dependency installation failed (attempt 3/3)
{
  "projectPath": "C:\\Users\\Administrator\\AppData\\Local\\Temp\\slidev-api\\_template",
  "attempt": 3,
  "error": {
    "code": 1,
    "signal": null,
    "killed": false,
    "stdout": "",
    "stderr": "npm error code ETARGET\nnpm error notarget No matching version found for @slidev/theme-default@52.1.0.\nnpm error notarget In most cases you or one of your dependencies are requesting\nnpm error notarget a package version that doesn't exist.\nnpm error A complete log of this run can be found in: C:\\Users\\Administrator\\AppData\\Local\\npm-cache\\_logs\\2025-08-16T10_43_11_925Z-debug-0.log\n"
  }
}
2025-08-16 18:43:18 [error]: Failed to create template project
{
  "error": {}
}
2025-08-16 18:45:53 [error]: Failed to create presentation
{
  "error": {}
}
2025-08-16 18:45:53 [error]: Request error
Error: Failed to resolve package "@slidev/theme-default"
    at findPkgRoot (file:///E:/slidev-sga/packages/api-server/node_modules/@slidev/cli/dist/resolver-BShaA6qw.js:38:31)
    at async file:///E:/slidev-sga/packages/api-server/node_modules/@slidev/cli/dist/resolver-BShaA6qw.js:102:20
    at async resolveOptions (file:///E:/slidev-sga/packages/api-server/node_modules/@slidev/cli/dist/shared-s9xIcfim.js:696:29)
    at async PresentationManager.createPresentation (file:///E:/slidev-sga/packages/api-server/dist/index.js:905:26)
    at async file:///E:/slidev-sga/packages/api-server/dist/index.js:1283:19
{
  "requestId": "wt0ymm",
  "method": "POST",
  "url": "/api/presentations",
  "error": "Failed to resolve package \"@slidev/theme-default\"",
  "userAgent": "node",
  "ip": "127.0.0.1"
}
2025-08-16 22:46:19 [error]: Dependency installation failed (attempt 1/3)
{
  "projectPath": "C:\\Users\\Administrator\\AppData\\Local\\Temp\\slidev-api\\_template",
  "attempt": 1,
  "error": {
    "code": 1,
    "signal": null,
    "killed": false,
    "stdout": "",
    "stderr": "npm error code ETARGET\nnpm error notarget No matching version found for @slidev/theme-default@52.1.0.\nnpm error notarget In most cases you or one of your dependencies are requesting\nnpm error notarget a package version that doesn't exist.\nnpm error A complete log of this run can be found in: C:\\Users\\Administrator\\AppData\\Local\\npm-cache\\_logs\\2025-08-16T14_46_09_329Z-debug-0.log\n"
  }
}
2025-08-16 22:46:33 [error]: Dependency installation failed (attempt 2/3)
{
  "projectPath": "C:\\Users\\Administrator\\AppData\\Local\\Temp\\slidev-api\\_template",
  "attempt": 2,
  "error": {
    "code": 1,
    "signal": null,
    "killed": false,
    "stdout": "",
    "stderr": "npm error code ETARGET\nnpm error notarget No matching version found for @slidev/theme-default@52.1.0.\nnpm error notarget In most cases you or one of your dependencies are requesting\nnpm error notarget a package version that doesn't exist.\nnpm error A complete log of this run can be found in: C:\\Users\\Administrator\\AppData\\Local\\npm-cache\\_logs\\2025-08-16T14_46_21_805Z-debug-0.log\n"
  }
}
2025-08-16 22:46:56 [error]: Dependency installation failed (attempt 1/3)
{
  "projectPath": "C:\\Users\\Administrator\\AppData\\Local\\Temp\\slidev-api\\_template",
  "attempt": 1,
  "error": {
    "code": 1,
    "signal": null,
    "killed": false,
    "stdout": "",
    "stderr": "npm error code ETARGET\nnpm error notarget No matching version found for @slidev/theme-default@52.1.0.\nnpm error notarget In most cases you or one of your dependencies are requesting\nnpm error notarget a package version that doesn't exist.\nnpm error A complete log of this run can be found in: C:\\Users\\Administrator\\AppData\\Local\\npm-cache\\_logs\\2025-08-16T14_46_45_605Z-debug-0.log\n"
  }
}
2025-08-16 23:47:50 [error]: Failed to create presentation
{
  "error": {
    "errno": -4058,
    "code": "ENOENT",
    "syscall": "spawn npx",
    "path": "npx",
    "spawnargs": [
      "slidev",
      "--port",
      "3002",
      "--host",
      "0.0.0.0",
      "--theme",
      "default"
    ]
  }
}
2025-08-16 23:47:50 [error]: Request error
Error: spawn npx ENOENT
    at ChildProcess._handle.onexit (node:internal/child_process:285:19)
    at onErrorNT (node:internal/child_process:483:16)
    at process.processTicksAndRejections (node:internal/process/task_queues:90:21)
{
  "requestId": "g050s",
  "method": "POST",
  "url": "/api/presentations",
  "error": "spawn npx ENOENT",
  "userAgent": "External-AI-Agent/1.0",
  "ip": "127.0.0.1"
}
2025-08-16 23:50:10 [error]: Failed to create presentation
{
  "error": {
    "errno": -4071,
    "code": "EINVAL",
    "syscall": "spawn"
  }
}
2025-08-16 23:50:10 [error]: Request error
Error: spawn EINVAL
    at ChildProcess.spawn (node:internal/child_process:420:11)
    at spawn (node:child_process:753:9)
    at file:///E:/slidev-sga/packages/api-server/dist/index.js:1067:26
    at new Promise (<anonymous>)
    at PresentationManager.startSlidevProcess (file:///E:/slidev-sga/packages/api-server/dist/index.js:1065:10)
    at PresentationManager.createPresentation (file:///E:/slidev-sga/packages/api-server/dist/index.js:904:37)
    at process.processTicksAndRejections (node:internal/process/task_queues:105:5)
    at async file:///E:/slidev-sga/packages/api-server/dist/index.js:1353:19
{
  "requestId": "zexpb8",
  "method": "POST",
  "url": "/api/presentations",
  "error": "spawn EINVAL",
  "userAgent": "External-AI-Agent/1.0",
  "ip": "127.0.0.1"
}
2025-08-16 23:52:16 [error]: Failed to create presentation
{
  "error": {
    "errno": -4071,
    "code": "EINVAL",
    "syscall": "spawn"
  }
}
2025-08-16 23:52:16 [error]: Request error
Error: spawn EINVAL
    at ChildProcess.spawn (node:internal/child_process:420:11)
    at spawn (node:child_process:753:9)
    at file:///E:/slidev-sga/packages/api-server/dist/index.js:1068:26
    at new Promise (<anonymous>)
    at PresentationManager.startSlidevProcess (file:///E:/slidev-sga/packages/api-server/dist/index.js:1065:10)
    at PresentationManager.createPresentation (file:///E:/slidev-sga/packages/api-server/dist/index.js:904:37)
    at process.processTicksAndRejections (node:internal/process/task_queues:105:5)
    at async file:///E:/slidev-sga/packages/api-server/dist/index.js:1354:19
{
  "requestId": "t76m",
  "method": "POST",
  "url": "/api/presentations",
  "error": "spawn EINVAL",
  "userAgent": "External-AI-Agent/1.0",
  "ip": "127.0.0.1"
}
2025-08-16 23:54:23 [error]: Failed to create presentation
{
  "error": {}
}
2025-08-16 23:54:23 [error]: Request error
Error: Slidev process exited with code 1
    at ChildProcess.<anonymous> (file:///E:/slidev-sga/packages/api-server/dist/index.js:1114:13)
    at ChildProcess.emit (node:events:518:28)
    at ChildProcess._handle.onexit (node:internal/child_process:293:12)
{
  "requestId": "a0emae",
  "method": "POST",
  "url": "/api/presentations",
  "error": "Slidev process exited with code 1",
  "userAgent": "External-AI-Agent/1.0",
  "ip": "127.0.0.1"
}
2025-08-16 23:56:36 [error]: Failed to create presentation
{
  "error": {}
}
2025-08-16 23:56:36 [error]: Request error
Error: Slidev startup timeout
    at Timeout._onTimeout (file:///E:/slidev-sga/packages/api-server/dist/index.js:1119:13)
    at listOnTimeout (node:internal/timers:588:17)
    at process.processTimers (node:internal/timers:523:7)
{
  "requestId": "e324qi",
  "method": "POST",
  "url": "/api/presentations",
  "error": "Slidev startup timeout",
  "userAgent": "External-AI-Agent/1.0",
  "ip": "127.0.0.1"
}
2025-08-16 23:58:58 [error]: Failed to create presentation
{
  "error": {}
}
2025-08-16 23:58:58 [error]: Request error
Error: Slidev startup timeout
    at Timeout._onTimeout (file:///E:/slidev-sga/packages/api-server/dist/index.js:1123:13)
    at listOnTimeout (node:internal/timers:588:17)
    at process.processTimers (node:internal/timers:523:7)
{
  "requestId": "lxb3nt",
  "method": "POST",
  "url": "/api/presentations",
  "error": "Slidev startup timeout",
  "userAgent": "External-AI-Agent/1.0",
  "ip": "127.0.0.1"
}
2025-08-17 00:02:01 [error]: Failed to create presentation
{
  "error": {}
}
2025-08-17 00:02:01 [error]: Request error
Error: Slidev startup timeout
    at Timeout._onTimeout (file:///E:/slidev-sga/packages/api-server/dist/index.js:1123:13)
    at listOnTimeout (node:internal/timers:588:17)
    at process.processTimers (node:internal/timers:523:7)
{
  "requestId": "tj8cig",
  "method": "POST",
  "url": "/api/presentations",
  "error": "Slidev startup timeout",
  "userAgent": "External-AI-Agent/1.0",
  "ip": "127.0.0.1"
}
2025-08-17 00:05:39 [error]: Failed to create presentation
{
  "error": {}
}
2025-08-17 00:05:39 [error]: Request error
Error: Slidev startup timeout
    at Timeout._onTimeout (file:///E:/slidev-sga/packages/api-server/dist/index.js:1129:13)
    at listOnTimeout (node:internal/timers:588:17)
    at process.processTimers (node:internal/timers:523:7)
{
  "requestId": "1bzmb",
  "method": "POST",
  "url": "/api/presentations",
  "error": "Slidev startup timeout",
  "userAgent": "External-AI-Agent/1.0",
  "ip": "127.0.0.1"
}
2025-08-17 00:15:22 [error]: Failed to start Slidev server, cleaning up
{
  "id": "slidev-6LFYzjAmgc9I",
  "port": 3002,
  "error": {}
}
2025-08-17 00:15:22 [error]: Failed to cleanup project
{
  "projectPath": "C:\\Users\\Administrator\\AppData\\Local\\Temp\\slidev-api\\slidev-6LFYzjAmgc9I",
  "error": {
    "errno": -4082,
    "code": "EBUSY",
    "syscall": "rmdir",
    "path": "C:\\Users\\Administrator\\AppData\\Local\\Temp\\slidev-api\\slidev-6LFYzjAmgc9I"
  }
}
2025-08-17 00:15:22 [error]: Failed to create presentation
{
  "error": {
    "errno": -4082,
    "code": "EBUSY",
    "syscall": "rmdir",
    "path": "C:\\Users\\Administrator\\AppData\\Local\\Temp\\slidev-api\\slidev-6LFYzjAmgc9I"
  }
}
2025-08-17 00:15:22 [error]: Request error
Error: EBUSY: resource busy or locked, rmdir 'C:\Users\Administrator\AppData\Local\Temp\slidev-api\slidev-6LFYzjAmgc9I'
{
  "requestId": "01w5cn",
  "method": "POST",
  "url": "/api/presentations",
  "error": "EBUSY: resource busy or locked, rmdir 'C:\\Users\\Administrator\\AppData\\Local\\Temp\\slidev-api\\slidev-6LFYzjAmgc9I'",
  "userAgent": "External-AI-Agent/1.0",
  "ip": "127.0.0.1"
}
2025-08-17 00:21:43 [error]: Failed to start Slidev server, cleaning up
{
  "id": "slidev-2Fq07mJtpEXK",
  "port": 3002,
  "error": {}
}
2025-08-17 00:21:43 [error]: Failed to cleanup project
{
  "projectPath": "C:\\Users\\Administrator\\AppData\\Local\\Temp\\slidev-api\\slidev-2Fq07mJtpEXK",
  "error": {
    "errno": -4082,
    "code": "EBUSY",
    "syscall": "rmdir",
    "path": "C:\\Users\\Administrator\\AppData\\Local\\Temp\\slidev-api\\slidev-2Fq07mJtpEXK"
  }
}
2025-08-17 00:21:43 [error]: Failed to create presentation
{
  "error": {
    "errno": -4082,
    "code": "EBUSY",
    "syscall": "rmdir",
    "path": "C:\\Users\\Administrator\\AppData\\Local\\Temp\\slidev-api\\slidev-2Fq07mJtpEXK"
  }
}
2025-08-17 00:21:43 [error]: Request error
Error: EBUSY: resource busy or locked, rmdir 'C:\Users\Administrator\AppData\Local\Temp\slidev-api\slidev-2Fq07mJtpEXK'
{
  "requestId": "74iflg",
  "method": "POST",
  "url": "/api/presentations",
  "error": "EBUSY: resource busy or locked, rmdir 'C:\\Users\\Administrator\\AppData\\Local\\Temp\\slidev-api\\slidev-2Fq07mJtpEXK'",
  "userAgent": "External-AI-Agent/1.0",
  "ip": "127.0.0.1"
}
2025-08-17 00:27:06 [error]: Failed to start Slidev server, cleaning up
{
  "id": "slidev-DwjLcKQ7fLfd",
  "port": 3002,
  "error": {}
}
2025-08-17 00:27:10 [error]: Failed to create presentation
{
  "error": {}
}
2025-08-17 00:27:10 [error]: Request error
Error: Slidev startup timeout
    at Timeout._onTimeout (file:///E:/slidev-sga/packages/api-server/dist/index.js:1159:13)
    at listOnTimeout (node:internal/timers:588:17)
    at process.processTimers (node:internal/timers:523:7)
{
  "requestId": "6pwc7w",
  "method": "POST",
  "url": "/api/presentations",
  "error": "Slidev startup timeout",
  "userAgent": "External-AI-Agent/1.0",
  "ip": "127.0.0.1"
}
2025-08-17 00:52:15 [error]: Failed to start Slidev server, cleaning up
{
  "id": "slidev-IF4BrgB3RvNy",
  "port": 3002,
  "error": {}
}
2025-08-17 00:52:17 [error]: Failed to create presentation
{
  "error": {}
}
2025-08-17 00:52:17 [error]: Request error
Error: Slidev process exited with code 1
    at ChildProcess.<anonymous> (file:///E:/slidev-sga/packages/api-server/dist/index.js:1175:13)
    at ChildProcess.emit (node:events:518:28)
    at ChildProcess._handle.onexit (node:internal/child_process:293:12)
{
  "requestId": "murf1",
  "method": "POST",
  "url": "/api/presentations",
  "error": "Slidev process exited with code 1",
  "userAgent": "External-AI-Agent/1.0",
  "ip": "127.0.0.1"
}
